{
  "stats": {
    "suites": 1,
    "tests": 1,
    "passes": 0,
    "pending": 0,
    "failures": 1,
    "start": "2025-07-14T07:50:45.921Z",
    "end": "2025-07-14T07:50:46.547Z",
    "duration": 626,
    "testsRegistered": 1,
    "passPercent": 0,
    "pendingPercent": 0,
    "other": 0,
    "hasOther": false,
    "skipped": 0,
    "hasSkipped": false
  },
  "results": [
    {
      "uuid": "a22f0ff3-ce14-40f7-bb26-fc7f5d965456",
      "title": "",
      "fullFile": "cypress\\e2e\\login-carhire.cy.js",
      "file": "cypress\\e2e\\login-carhire.cy.js",
      "beforeHooks": [],
      "afterHooks": [],
      "tests": [],
      "suites": [
        {
          "uuid": "ab8bf634-a7cb-468b-9d2a-70ece0353211",
          "title": "logs in the admin user and asserts if they landed on the dashboard",
          "fullFile": "",
          "file": "",
          "beforeHooks": [],
          "afterHooks": [],
          "tests": [
            {
              "title": "passes",
              "fullTitle": "logs in the admin user and asserts if they landed on the dashboard passes",
              "timedOut": null,
              "duration": 449,
              "state": "failed",
              "speed": null,
              "pass": false,
              "fail": true,
              "pending": false,
              "context": null,
              "code": "//access data from the User_data.json file. \nlet admin;\ncy.fixture('User_data').then(data => {\n  admin = data.admin;\n});\ncy.visit('http://car-hire.test/login'); //navigates to the log in page.\ncy.get('#email').type(admin.email); //navigates to email and types email address.\ncy.get('#password').type(admin.password); //navigates to password and types password. \ncy.get('#dashboard-login-form > button').click(); //clicks the submit button.\n//asserts if the user redirected to the dashboard. \ncy.url().should(\"include\", \"/dashboard\");",
              "err": {
                "message": "TypeError: Cannot read properties of undefined (reading 'email')",
                "estack": "TypeError: Cannot read properties of undefined (reading 'email')\n    at Context.eval (webpack://cypress.carhire/./cypress/e2e/login-carhire.cy.js:21:32)\n    at runnable.fn (http://localhost:59861/__cypress/runner/cypress_runner.js:141799:19)\n    at callFn (http://localhost:59861/__cypress/runner/cypress_runner.js:160877:21)\n    at Runnable.run (http://localhost:59861/__cypress/runner/cypress_runner.js:160864:7)\n    at <unknown> (http://localhost:59861/__cypress/runner/cypress_runner.js:166954:30)\n    at PassThroughHandlerContext.finallyHandler (http://localhost:59861/__cypress/runner/cypress_runner.js:4042:23)\n    at PassThroughHandlerContext.tryCatcher (http://localhost:59861/__cypress/runner/cypress_runner.js:1777:23)\n    at Promise._settlePromiseFromHandler (http://localhost:59861/__cypress/runner/cypress_runner.js:1489:31)\n    at Promise._settlePromise (http://localhost:59861/__cypress/runner/cypress_runner.js:1546:18)",
                "diff": null
              },
              "uuid": "3c51559c-734d-4afc-8448-91e4945a4c7b",
              "parentUUID": "ab8bf634-a7cb-468b-9d2a-70ece0353211",
              "isHook": false,
              "skipped": false
            }
          ],
          "suites": [],
          "passes": [],
          "failures": [
            "3c51559c-734d-4afc-8448-91e4945a4c7b"
          ],
          "pending": [],
          "skipped": [],
          "duration": 449,
          "root": false,
          "rootEmpty": false,
          "_timeout": 2000
        }
      ],
      "passes": [],
      "failures": [],
      "pending": [],
      "skipped": [],
      "duration": 0,
      "root": true,
      "rootEmpty": true,
      "_timeout": 2000
    }
  ],
  "meta": {
    "mocha": {
      "version": "7.2.0"
    },
    "mochawesome": {
      "options": {
        "quiet": false,
        "reportFilename": "mochawesome",
        "saveHtml": false,
        "saveJson": true,
        "consoleReporter": "spec",
        "useInlineDiffs": false,
        "code": true
      },
      "version": "7.1.3"
    },
    "marge": {
      "options": {
        "reportDir": "cypress/reports/html",
        "overwrite": false,
        "html": false,
        "json": true
      },
      "version": "6.2.0"
    }
  }
}