{
  "stats": {
    "suites": 1,
    "tests": 1,
    "passes": 1,
    "pending": 0,
    "failures": 0,
    "start": "2025-07-21T09:40:02.392Z",
    "end": "2025-07-21T09:40:32.578Z",
    "duration": 30186,
    "testsRegistered": 1,
    "passPercent": 100,
    "pendingPercent": 0,
    "other": 0,
    "hasOther": false,
    "skipped": 0,
    "hasSkipped": false
  },
  "results": [
    {
      "uuid": "a8c7089c-27a5-49c9-b114-8c9f853f8dd2",
      "title": "",
      "fullFile": "cypress\\e2e\\create-insurance-comp.cy.js",
      "file": "cypress\\e2e\\create-insurance-comp.cy.js",
      "beforeHooks": [],
      "afterHooks": [],
      "tests": [],
      "suites": [
        {
          "uuid": "da08e50d-4e98-408f-bba9-846a61625c9b",
          "title": "It navigates to settings and adds a test maintenance type",
          "fullFile": "",
          "file": "",
          "beforeHooks": [],
          "afterHooks": [],
          "tests": [
            {
              "title": "passes",
              "fullTitle": "It navigates to settings and adds a test maintenance type passes",
              "timedOut": null,
              "duration": 25336,
              "state": "passed",
              "speed": "slow",
              "pass": true,
              "fail": false,
              "pending": false,
              "context": null,
              "code": "cy.fixture('data').then(data => {\n  const $phone = data;\n  cy.loginAsAdmin();\n  cy.visit('http://car-hire.test/dashboard'); //navigates to the dashboard. \n  cy.get(\"#main-body > div > nav > ul.navbar-nav.ml-auto.nav-item-align > li:nth-child(1) > a\").click();\n  cy.get(\"#main-sidebar > div > div.os-padding > div > div > nav > ul > li:nth-child(2) > a\").click();\n  cy.get(\"#datatable-button\").click();\n  cy.get(\"#incompany_name\").type(\"Test Insurance Company\");\n  cy.get(\"#incompany_reg_no\").type($phone.phone);\n  cy.get(\"#incompany_address\").type(\"XYZ Address\");\n  cy.get(\"#content-wrapper > section.content > div > div > div.col-md-12 > div > form > div.card-footer > button\").click();\n  //Basic text assertion. \n  cy.get(\"#swal2-content\").should(\"have.text\", \"Insurance Company added successfully\");\n});",
              "err": {},
              "uuid": "9da0898f-1bb9-47e7-9229-7eb1e882a080",
              "parentUUID": "da08e50d-4e98-408f-bba9-846a61625c9b",
              "isHook": false,
              "skipped": false
            }
          ],
          "suites": [],
          "passes": [
            "9da0898f-1bb9-47e7-9229-7eb1e882a080"
          ],
          "failures": [],
          "pending": [],
          "skipped": [],
          "duration": 25336,
          "root": false,
          "rootEmpty": false,
          "_timeout": 2000
        }
      ],
      "passes": [],
      "failures": [],
      "pending": [],
      "skipped": [],
      "duration": 0,
      "root": true,
      "rootEmpty": true,
      "_timeout": 2000
    }
  ],
  "meta": {
    "mocha": {
      "version": "7.2.0"
    },
    "mochawesome": {
      "options": {
        "quiet": false,
        "reportFilename": "mochawesome",
        "saveHtml": false,
        "saveJson": true,
        "consoleReporter": "spec",
        "useInlineDiffs": false,
        "code": true
      },
      "version": "7.1.3"
    },
    "marge": {
      "options": {
        "reportDir": "cypress/reports/html",
        "overwrite": false,
        "html": false,
        "json": true
      },
      "version": "6.2.0"
    }
  }
}