{
  "stats": {
    "suites": 1,
    "tests": 1,
    "passes": 1,
    "pending": 0,
    "failures": 0,
    "start": "2025-07-17T07:25:30.117Z",
    "end": "2025-07-17T07:26:26.038Z",
    "duration": 55921,
    "testsRegistered": 1,
    "passPercent": 100,
    "pendingPercent": 0,
    "other": 0,
    "hasOther": false,
    "skipped": 0,
    "hasSkipped": false
  },
  "results": [
    {
      "uuid": "3e8f9166-2ed2-4d4e-8ab5-9dd9de0f96f8",
      "title": "",
      "fullFile": "cypress\\e2e\\create-wokshop.cy.js",
      "file": "cypress\\e2e\\create-wokshop.cy.js",
      "beforeHooks": [],
      "afterHooks": [],
      "tests": [],
      "suites": [
        {
          "uuid": "4defe644-f0b8-46a1-8e4e-c1875ee387fa",
          "title": "It navigates to settings and creates a new workshop",
          "fullFile": "",
          "file": "",
          "beforeHooks": [],
          "afterHooks": [],
          "tests": [
            {
              "title": "passes",
              "fullTitle": "It navigates to settings and creates a new workshop passes",
              "timedOut": null,
              "duration": 25097,
              "state": "passed",
              "speed": "slow",
              "pass": true,
              "fail": false,
              "pending": false,
              "context": null,
              "code": "cy.fixture('data').then(data => {\n  const $phone = data;\n  cy.loginAsAdmin();\n  cy.visit('http://car-hire.test/dashboard'); //navigates to the dashboard. \n  cy.get(\"#main-body > div > nav > ul.navbar-nav.ml-auto.nav-item-align > li:nth-child(1) > a\").click();\n  cy.get(\"#main-sidebar > div > div.os-padding > div > div > nav > ul > li:nth-child(6) > a\").click();\n  cy.get(\"#datatable-button\").click();\n  cy.get(\"#workshop_name\").type(\"Test Workshop\");\n  cy.get(\"#workshop_address\").type(\"#workshop_address\");\n  cy.get(\"#content-wrapper > section.content > div > div > div.col-md-12 > div > form > div.card-body > div:nth-child(2) > div:nth-child(1) > div > span > span.selection > span > ul > li > input\").click();\n  const options = document.querySelectorAll('.select2-results__option');\n  options.forEach(option => {\n    if (option.textContent.trim() === 'Test Service Type') {\n      option.dispatchEvent(new MouseEvent('mouseup', {\n        bubbles: true\n      })); // Loop through options to find the one with the exact text\n    }\n  });\n});",
              "err": {},
              "uuid": "cc1ff6b7-eebb-4b73-a881-6cfde7da8949",
              "parentUUID": "4defe644-f0b8-46a1-8e4e-c1875ee387fa",
              "isHook": false,
              "skipped": false
            }
          ],
          "suites": [],
          "passes": [
            "cc1ff6b7-eebb-4b73-a881-6cfde7da8949"
          ],
          "failures": [],
          "pending": [],
          "skipped": [],
          "duration": 25097,
          "root": false,
          "rootEmpty": false,
          "_timeout": 2000
        }
      ],
      "passes": [],
      "failures": [],
      "pending": [],
      "skipped": [],
      "duration": 0,
      "root": true,
      "rootEmpty": true,
      "_timeout": 2000
    }
  ],
  "meta": {
    "mocha": {
      "version": "7.2.0"
    },
    "mochawesome": {
      "options": {
        "quiet": false,
        "reportFilename": "mochawesome",
        "saveHtml": false,
        "saveJson": true,
        "consoleReporter": "spec",
        "useInlineDiffs": false,
        "code": true
      },
      "version": "7.1.3"
    },
    "marge": {
      "options": {
        "reportDir": "cypress/reports/html",
        "overwrite": false,
        "html": false,
        "json": true
      },
      "version": "6.2.0"
    }
  }
}