{
  "stats": {
    "suites": 1,
    "tests": 1,
    "passes": 1,
    "pending": 0,
    "failures": 0,
    "start": "2025-07-21T09:45:24.007Z",
    "end": "2025-07-21T09:46:04.739Z",
    "duration": 40732,
    "testsRegistered": 1,
    "passPercent": 100,
    "pendingPercent": 0,
    "other": 0,
    "hasOther": false,
    "skipped": 0,
    "hasSkipped": false
  },
  "results": [
    {
      "uuid": "1f5dc091-034b-4b00-b793-0a1bc381247a",
      "title": "",
      "fullFile": "cypress\\e2e\\create-wokshop.cy.js",
      "file": "cypress\\e2e\\create-wokshop.cy.js",
      "beforeHooks": [],
      "afterHooks": [],
      "tests": [],
      "suites": [
        {
          "uuid": "9e30f350-29b4-4016-9140-78033635a515",
          "title": "It navigates to settings and creates a new workshop",
          "fullFile": "",
          "file": "",
          "beforeHooks": [],
          "afterHooks": [],
          "tests": [
            {
              "title": "passes",
              "fullTitle": "It navigates to settings and creates a new workshop passes",
              "timedOut": null,
              "duration": 34835,
              "state": "passed",
              "speed": "slow",
              "pass": true,
              "fail": false,
              "pending": false,
              "context": null,
              "code": "cy.fixture('data').then(data => {\n  const $phone = data;\n  cy.loginAsAdmin();\n  cy.visit('http://car-hire.test/dashboard'); //navigates to the dashboard. \n  cy.get(\"#main-body > div > nav > ul.navbar-nav.ml-auto.nav-item-align > li:nth-child(1) > a\").click();\n  cy.get(\"#main-sidebar > div > div.os-padding > div > div > nav > ul > li:nth-child(6) > a\").click();\n  cy.get(\"#datatable-button\").click();\n  cy.get(\"#workshop_name\").type(\"Test Workshop\");\n  cy.get(\"#workshop_address\").type(\"Test workshop address\");\n  cy.get(\"#content-wrapper > section.content > div > div > div.col-md-12 > div > form > div.card-body > div:nth-child(2) > div:nth-child(1) > div > span > span.selection > span > ul > li > input\").click();\n  cy.get('select[name=\"workshop_type[]\"]'); //gets the workshop type element\n  cy.wait(1000); //waits for 1 second\n  cy.get('.select2-results__options', {\n    timeout: 5000\n  }) //gets the drop down options to render\n  .should('be.visible') // Confirm it's visible\n  .click(\"top\"); //clicks the topmost option\n  cy.get(\"#organizer_name\").type(\"Test Contact Person\");\n  cy.get(\"#organizer_email\").type(\"Test.contact@gmail.com\");\n  cy.get(\"#organizer_contact\").type($phone.phone);\n  cy.get(\"#content-wrapper > section.content > div > div > div.col-md-12 > div > form > div.card-footer > button\").click();\n  //basic text assertion\n  cy.get(\"#swal2-content\").should(\"have.text\", \"Workshop added successfully\");\n});",
              "err": {},
              "uuid": "d7bc9911-ba0c-4516-99df-da18a5856eca",
              "parentUUID": "9e30f350-29b4-4016-9140-78033635a515",
              "isHook": false,
              "skipped": false
            }
          ],
          "suites": [],
          "passes": [
            "d7bc9911-ba0c-4516-99df-da18a5856eca"
          ],
          "failures": [],
          "pending": [],
          "skipped": [],
          "duration": 34835,
          "root": false,
          "rootEmpty": false,
          "_timeout": 2000
        }
      ],
      "passes": [],
      "failures": [],
      "pending": [],
      "skipped": [],
      "duration": 0,
      "root": true,
      "rootEmpty": true,
      "_timeout": 2000
    }
  ],
  "meta": {
    "mocha": {
      "version": "7.2.0"
    },
    "mochawesome": {
      "options": {
        "quiet": false,
        "reportFilename": "mochawesome",
        "saveHtml": false,
        "saveJson": true,
        "consoleReporter": "spec",
        "useInlineDiffs": false,
        "code": true
      },
      "version": "7.1.3"
    },
    "marge": {
      "options": {
        "reportDir": "cypress/reports/html",
        "overwrite": false,
        "html": false,
        "json": true
      },
      "version": "6.2.0"
    }
  }
}