{
  "stats": {
    "suites": 1,
    "tests": 1,
    "passes": 0,
    "pending": 0,
    "failures": 1,
    "start": "2025-07-14T07:55:52.308Z",
    "end": "2025-07-14T07:55:52.946Z",
    "duration": 638,
    "testsRegistered": 1,
    "passPercent": 0,
    "pendingPercent": 0,
    "other": 0,
    "hasOther": false,
    "skipped": 0,
    "hasSkipped": false
  },
  "results": [
    {
      "uuid": "44c7918d-b654-4824-8e19-1abbab769dce",
      "title": "",
      "fullFile": "cypress\\e2e\\login-carhire.cy.js",
      "file": "cypress\\e2e\\login-carhire.cy.js",
      "beforeHooks": [],
      "afterHooks": [],
      "tests": [],
      "suites": [
        {
          "uuid": "ecfaae61-ed22-4e06-815d-989553f52d5a",
          "title": "logs in the admin user and asserts if they landed on the dashboard",
          "fullFile": "",
          "file": "",
          "beforeHooks": [],
          "afterHooks": [],
          "tests": [
            {
              "title": "passes",
              "fullTitle": "logs in the admin user and asserts if they landed on the dashboard passes",
              "timedOut": null,
              "duration": 535,
              "state": "failed",
              "speed": null,
              "pass": false,
              "fail": true,
              "pending": false,
              "context": null,
              "code": "//access data from the User_data.json file. \nlet admin;\ncy.fixture('User_data').then(data => {\n  admin = data.admin;\n  cy.visit('http://car-hire.test/login'); //navigates to the log in page.\n  cy.get('#email').type(admin.email); //navigates to email and types email address.\n  cy.get('#password').type(admin.password); //navigates to password and types password. \n  cy.get('#dashboard-login-form > button').click(); //clicks the submit button.\n  //asserts if the user redirected to the dashboard. \n  cy.url().should(\"include\", \"/dashboard\");\n});",
              "err": {
                "message": "TypeError: Cannot read properties of undefined (reading 'email')",
                "estack": "TypeError: Cannot read properties of undefined (reading 'email')\n    at Context.eval (webpack://cypress.carhire/./cypress/e2e/login-carhire.cy.js:20:32)\n    at getRet (http://localhost:60149/__cypress/runner/cypress_runner.js:120949:20)\n    at tryCatcher (http://localhost:60149/__cypress/runner/cypress_runner.js:1777:23)\n    at Promise.attempt.Promise.try (http://localhost:60149/__cypress/runner/cypress_runner.js:4285:29)\n    at Context.thenFn (http://localhost:60149/__cypress/runner/cypress_runner.js:120960:66)\n    at Context.then (http://localhost:60149/__cypress/runner/cypress_runner.js:121211:21)\n    at wrapped (http://localhost:60149/__cypress/runner/cypress_runner.js:141532:19)\n    at <unknown> (http://localhost:60149/__cypress/runner/cypress_runner.js:147477:15)\n    at tryCatcher (http://localhost:60149/__cypress/runner/cypress_runner.js:1777:23)",
                "diff": null
              },
              "uuid": "bd6d49f6-5b2e-48b6-9c96-f0a81dbc3970",
              "parentUUID": "ecfaae61-ed22-4e06-815d-989553f52d5a",
              "isHook": false,
              "skipped": false
            }
          ],
          "suites": [],
          "passes": [],
          "failures": [
            "bd6d49f6-5b2e-48b6-9c96-f0a81dbc3970"
          ],
          "pending": [],
          "skipped": [],
          "duration": 535,
          "root": false,
          "rootEmpty": false,
          "_timeout": 2000
        }
      ],
      "passes": [],
      "failures": [],
      "pending": [],
      "skipped": [],
      "duration": 0,
      "root": true,
      "rootEmpty": true,
      "_timeout": 2000
    }
  ],
  "meta": {
    "mocha": {
      "version": "7.2.0"
    },
    "mochawesome": {
      "options": {
        "quiet": false,
        "reportFilename": "mochawesome",
        "saveHtml": false,
        "saveJson": true,
        "consoleReporter": "spec",
        "useInlineDiffs": false,
        "code": true
      },
      "version": "7.1.3"
    },
    "marge": {
      "options": {
        "reportDir": "cypress/reports/html",
        "overwrite": false,
        "html": false,
        "json": true
      },
      "version": "6.2.0"
    }
  }
}